<?xml version="1.0" encoding="UTF-8" ?>
<testsuites>
 <testsuite name="openDESK create folder" timestamp="2017-01-10T11:52:16" hostname="localhost" time="2.642" errors="0" tests="2" skipped="0" disabled="0" failures="2">
  <testcase classname="openDESK create folder" name="should be able to create a new folder" time="1.998">
   <failure type="exception" message="Failed: No element found using locator: By(css selector, [ng-click=&quot;vm.newFolderDialog($event)&quot;])"><![CDATA[NoSuchElementError: No element found using locator: By(css selector, [ng-click="vm.newFolderDialog($event)"])
    at WebDriverError (/Users/flemmingheidepedersen/src/OpenDESK-UI/node_modules/selenium-webdriver/lib/error.js:27:10)
    at NoSuchElementError (/Users/flemmingheidepedersen/src/OpenDESK-UI/node_modules/selenium-webdriver/lib/error.js:242:10)
    at /Users/flemmingheidepedersen/src/OpenDESK-UI/node_modules/protractor/built/element.js:808:27
    at ManagedPromise.invokeCallback_ (/Users/flemmingheidepedersen/src/OpenDESK-UI/node_modules/selenium-webdriver/lib/promise.js:1379:14)
    at TaskQueue.execute_ (/Users/flemmingheidepedersen/src/OpenDESK-UI/node_modules/selenium-webdriver/lib/promise.js:2913:14)
    at TaskQueue.executeNext_ (/Users/flemmingheidepedersen/src/OpenDESK-UI/node_modules/selenium-webdriver/lib/promise.js:2896:21)
    at /Users/flemmingheidepedersen/src/OpenDESK-UI/node_modules/selenium-webdriver/lib/promise.js:2775:27
    at /Users/flemmingheidepedersen/src/OpenDESK-UI/node_modules/selenium-webdriver/lib/promise.js:639:7
    at process._tickCallback (node.js:368:9)Error
    at ElementArrayFinder.applyAction_ (/Users/flemmingheidepedersen/src/OpenDESK-UI/node_modules/protractor/built/element.js:461:27)
    at ElementArrayFinder._this.(anonymous function) [as click] (/Users/flemmingheidepedersen/src/OpenDESK-UI/node_modules/protractor/built/element.js:103:30)
    at ElementFinder.(anonymous function) [as click] (/Users/flemmingheidepedersen/src/OpenDESK-UI/node_modules/protractor/built/element.js:829:22)
    at Object.public.createFolder (/Users/flemmingheidepedersen/src/OpenDESK-UI/app/tests/e2e/folders/createFolderPage.po.js:32:19)
    at /Users/flemmingheidepedersen/src/OpenDESK-UI/app/tests/e2e/folders/projects.test.js:23:30
    at ManagedPromise.invokeCallback_ (/Users/flemmingheidepedersen/src/OpenDESK-UI/node_modules/selenium-webdriver/lib/promise.js:1379:14)
    at TaskQueue.execute_ (/Users/flemmingheidepedersen/src/OpenDESK-UI/node_modules/selenium-webdriver/lib/promise.js:2913:14)
    at TaskQueue.executeNext_ (/Users/flemmingheidepedersen/src/OpenDESK-UI/node_modules/selenium-webdriver/lib/promise.js:2896:21)
    at /Users/flemmingheidepedersen/src/OpenDESK-UI/node_modules/selenium-webdriver/lib/promise.js:2775:27
    at /Users/flemmingheidepedersen/src/OpenDESK-UI/node_modules/selenium-webdriver/lib/promise.js:639:7
From: Task: Run it("should be able to create a new folder") in control flow
    at Object.<anonymous> (/Users/flemmingheidepedersen/src/OpenDESK-UI/node_modules/protractor/node_modules/jasminewd2/index.js:79:14)
    at attemptAsync (/Users/flemmingheidepedersen/src/OpenDESK-UI/node_modules/jasmine-core/lib/jasmine-core/jasmine.js:1916:24)
    at QueueRunner.run (/Users/flemmingheidepedersen/src/OpenDESK-UI/node_modules/jasmine-core/lib/jasmine-core/jasmine.js:1871:9)
    at QueueRunner.execute (/Users/flemmingheidepedersen/src/OpenDESK-UI/node_modules/jasmine-core/lib/jasmine-core/jasmine.js:1859:10)
    at Spec.Env.queueRunnerFactory (/Users/flemmingheidepedersen/src/OpenDESK-UI/node_modules/jasmine-core/lib/jasmine-core/jasmine.js:697:35)
    at Spec.execute (/Users/flemmingheidepedersen/src/OpenDESK-UI/node_modules/jasmine-core/lib/jasmine-core/jasmine.js:359:10)
    at Object.fn (/Users/flemmingheidepedersen/src/OpenDESK-UI/node_modules/jasmine-core/lib/jasmine-core/jasmine.js:2479:37)
    at attemptAsync (/Users/flemmingheidepedersen/src/OpenDESK-UI/node_modules/jasmine-core/lib/jasmine-core/jasmine.js:1916:24)
    at QueueRunner.run (/Users/flemmingheidepedersen/src/OpenDESK-UI/node_modules/jasmine-core/lib/jasmine-core/jasmine.js:1871:9)
    at QueueRunner.execute (/Users/flemmingheidepedersen/src/OpenDESK-UI/node_modules/jasmine-core/lib/jasmine-core/jasmine.js:1859:10)
From asynchronous test: 
Error
    at Suite.<anonymous> (/Users/flemmingheidepedersen/src/OpenDESK-UI/app/tests/e2e/folders/projects.test.js:19:5)
    at addSpecsToSuite (/Users/flemmingheidepedersen/src/OpenDESK-UI/node_modules/jasmine-core/lib/jasmine-core/jasmine.js:833:25)
    at Env.describe (/Users/flemmingheidepedersen/src/OpenDESK-UI/node_modules/jasmine-core/lib/jasmine-core/jasmine.js:802:7)
    at jasmineInterface.describe (/Users/flemmingheidepedersen/src/OpenDESK-UI/node_modules/jasmine-core/lib/jasmine-core/jasmine.js:3375:18)
    at Object.<anonymous> (/Users/flemmingheidepedersen/src/OpenDESK-UI/app/tests/e2e/folders/projects.test.js:7:1)
    at Module._compile (module.js:435:26)
    at Object.Module._extensions..js (module.js:442:10)
    at Module.load (module.js:356:32)
    at Function.Module._load (module.js:311:12)]]>
   </failure>
  </testcase>
  <testcase classname="openDESK create folder" name="should be able to delete a new folder" time="0.641">
   <failure type="exception" message="Failed: Cannot read property &apos;getInnerHtml&apos; of undefined"><![CDATA[TypeError: Cannot read property 'getInnerHtml' of undefined
    at /Users/flemmingheidepedersen/src/OpenDESK-UI/app/tests/e2e/folders/deleteFolderPage.po.js:38:44
    at ManagedPromise.invokeCallback_ (/Users/flemmingheidepedersen/src/OpenDESK-UI/node_modules/selenium-webdriver/lib/promise.js:1379:14)
    at TaskQueue.execute_ (/Users/flemmingheidepedersen/src/OpenDESK-UI/node_modules/selenium-webdriver/lib/promise.js:2913:14)
    at TaskQueue.executeNext_ (/Users/flemmingheidepedersen/src/OpenDESK-UI/node_modules/selenium-webdriver/lib/promise.js:2896:21)
    at /Users/flemmingheidepedersen/src/OpenDESK-UI/node_modules/selenium-webdriver/lib/promise.js:2775:27
    at /Users/flemmingheidepedersen/src/OpenDESK-UI/node_modules/selenium-webdriver/lib/promise.js:639:7
    at process._tickCallback (node.js:368:9)
From: Task: Run it("should be able to delete a new folder") in control flow
    at Object.<anonymous> (/Users/flemmingheidepedersen/src/OpenDESK-UI/node_modules/protractor/node_modules/jasminewd2/index.js:79:14)
    at attemptAsync (/Users/flemmingheidepedersen/src/OpenDESK-UI/node_modules/jasmine-core/lib/jasmine-core/jasmine.js:1916:24)
    at QueueRunner.run (/Users/flemmingheidepedersen/src/OpenDESK-UI/node_modules/jasmine-core/lib/jasmine-core/jasmine.js:1871:9)
    at QueueRunner.execute (/Users/flemmingheidepedersen/src/OpenDESK-UI/node_modules/jasmine-core/lib/jasmine-core/jasmine.js:1859:10)
    at Spec.Env.queueRunnerFactory (/Users/flemmingheidepedersen/src/OpenDESK-UI/node_modules/jasmine-core/lib/jasmine-core/jasmine.js:697:35)
    at Spec.execute (/Users/flemmingheidepedersen/src/OpenDESK-UI/node_modules/jasmine-core/lib/jasmine-core/jasmine.js:359:10)
    at Object.fn (/Users/flemmingheidepedersen/src/OpenDESK-UI/node_modules/jasmine-core/lib/jasmine-core/jasmine.js:2479:37)
    at attemptAsync (/Users/flemmingheidepedersen/src/OpenDESK-UI/node_modules/jasmine-core/lib/jasmine-core/jasmine.js:1916:24)
    at QueueRunner.run (/Users/flemmingheidepedersen/src/OpenDESK-UI/node_modules/jasmine-core/lib/jasmine-core/jasmine.js:1871:9)
    at /Users/flemmingheidepedersen/src/OpenDESK-UI/node_modules/jasmine-core/lib/jasmine-core/jasmine.js:1898:16
From asynchronous test: 
Error
    at Suite.<anonymous> (/Users/flemmingheidepedersen/src/OpenDESK-UI/app/tests/e2e/folders/projects.test.js:31:5)
    at addSpecsToSuite (/Users/flemmingheidepedersen/src/OpenDESK-UI/node_modules/jasmine-core/lib/jasmine-core/jasmine.js:833:25)
    at Env.describe (/Users/flemmingheidepedersen/src/OpenDESK-UI/node_modules/jasmine-core/lib/jasmine-core/jasmine.js:802:7)
    at jasmineInterface.describe (/Users/flemmingheidepedersen/src/OpenDESK-UI/node_modules/jasmine-core/lib/jasmine-core/jasmine.js:3375:18)
    at Object.<anonymous> (/Users/flemmingheidepedersen/src/OpenDESK-UI/app/tests/e2e/folders/projects.test.js:7:1)
    at Module._compile (module.js:435:26)
    at Object.Module._extensions..js (module.js:442:10)
    at Module.load (module.js:356:32)
    at Function.Module._load (module.js:311:12)]]>
   </failure>
  </testcase>
 </testsuite>
</testsuites>